INFO [2022-04-14 13:12:04] $fill
INFO [2022-04-14 13:12:04] [1] "#009E73" "#F0E442"
INFO [2022-04-14 13:12:04] 
INFO [2022-04-14 13:12:04] $col
INFO [2022-04-14 13:12:04] [1] "#D55E00" "#0072B2"
INFO [2022-04-14 13:12:04] 
INFO [2022-04-14 13:12:04] $cat.col
INFO [2022-04-14 13:12:04] [1] "#D55E00" "#0072B2"
INFO [2022-04-14 13:12:04] 
INFO [2022-04-14 13:12:04] $cat.cex
INFO [2022-04-14 13:12:04] [1] 1
INFO [2022-04-14 13:12:04] 
INFO [2022-04-14 13:12:04] $cat.fontface
INFO [2022-04-14 13:12:04] [1] "plain"
INFO [2022-04-14 13:12:04] 
INFO [2022-04-14 13:12:04] $cat.fontfamily
INFO [2022-04-14 13:12:04] [1] "serif"
INFO [2022-04-14 13:12:04] 
INFO [2022-04-14 13:12:04] $x
INFO [2022-04-14 13:12:04] $x$unique.pc9.
INFO [2022-04-14 13:12:04]    [1] 22661 22662 22663 22664 22665 22666 22667 22668 22669 22670 22671 22672 22673 22674 22675 22676 22677 22678 22679 22680 22681 22682 22683
INFO [2022-04-14 13:12:04]   [24] 22684 22685 22686 22687 22688 22689 22690 22691 22692 22693 22694 22695 22696 22697 22698 22699 22700 22701 22702 22703 22704 22705 22706
INFO [2022-04-14 13:12:04]   [47] 22707 22708 22709 22710 22711 22712 22713 22714 22715 22716 22717 22718 22719 22720 22721 22722 22723 22724 22725 22726 22727 22728 22729
INFO [2022-04-14 13:12:04]   [70] 22730 22731 22732 22733 22734 22735 22736 22737 22738 22739 22740 22741 22742 22743 22744 22745 22746 22747 22748 22749 22750 22751 22752
INFO [2022-04-14 13:12:04]   [93] 22753 22754 22755 22756 22757 22758 22759 22760 22761 22762 22763 22764 22765 22766 22767 22768 22769 22770 22771 22772 22773 22774 22775
INFO [2022-04-14 13:12:04]  [116] 22776 22777 22778 22779 22780 22781 22782 22783 22784 22785 22786 22787 22788 22789 22790 22791 22792 22793 22794 22795 22796 22797 22798
INFO [2022-04-14 13:12:04]  [139] 22799 22800 22801 22802 22803 22804 22805 22806 22807 22808 22809 22810 22811 22812 22813 22814 22815 22816 22817 22818 22819 22820 22821
INFO [2022-04-14 13:12:04]  [162] 22822 22823 22824 22825 22826 22827 22828 22829 22830 22831 22832 22833 22834 22835 22836 22837 22838 22839 22840 22841 22842 22843 22844
INFO [2022-04-14 13:12:04]  [185] 22845 22846 22847 22848 22849 22850 22851 22852 22853 22854 22855 22856 22857 22858 22859 22860 22861 22862 22863 22864 22865 22866 22867
INFO [2022-04-14 13:12:04]  [208] 22868 22869 22870 22871 22872 22873 22874 22875 22876 22877 22878 22879 22880 22881 22882 22883 22884 22885 22886 22887 22888 22889 22890
INFO [2022-04-14 13:12:04]  [231] 22891 22892 22893 22894 22895 22896 22897 22898 22899 22900 22901 22902 22903 22904 22905 22906 22907 22908 22909 22910 22911 22912 22913
INFO [2022-04-14 13:12:04]  [254] 22914 22915 22916 22917 22918 22919 22920 22921 22922 22923 22924 22925 22926 22927 22928 22929 22930 22931 22932 22933 22934 22935 22936
INFO [2022-04-14 13:12:04]  [277] 22937 22938 22939 22940 22941 22942 22943 22944 22945 22946 22947 22948 22949 22950 22951 22952 22953 22954 22955 22956 22957 22958 22959
INFO [2022-04-14 13:12:04]  [300] 22960 22961 22962 22963 22964 22965 22966 22967 22968 22969 22970 22971 22972 22973 22974 22975 22976 22977 22978 22979 22980 22981 22982
INFO [2022-04-14 13:12:04]  [323] 22983 22984 22985 22986 22987 22988 22989 22990 22991 22992 22993 22994 22995 22996 22997 22998 22999 23000 23001 23002 23003 23004 23005
INFO [2022-04-14 13:12:04]  [346] 23006 23007 23008 23009 23010 23011 23012 23013 23014 23015 23016 23017 23018 23019 23020 23021 23022 23023 23024 23025 23026 23027 23028
INFO [2022-04-14 13:12:04]  [369] 23029 23030 23031 23032 23033 23034 23035 23036 23037 23038 23039 23040 23041 23042 23043 23044 23045 23046 23047 23048 23049 23050 23051
INFO [2022-04-14 13:12:04]  [392] 23052 23053 23054 23055 23056 23057 23058 23059 23060 23061 23062 23063 23064 23065 23066 23067 23068 23069 23070 23071 23072 23073 23074
INFO [2022-04-14 13:12:04]  [415] 23075 23076 23077 23078 23079 23080 23081 23082 23083 23084 23085 23086 23087 23088 23089 23090 23091 23092 23093 23094 23095 23096 23097
INFO [2022-04-14 13:12:04]  [438] 23098 23099 23100 23101 23102 23103 23104 23105 23106 23107 23108 23109 23110 23111 23112 23113 23114 23115 23116 23117 23118 23119 23120
INFO [2022-04-14 13:12:04]  [461] 23121 23122 23123 23124 23125 23126 23127 23128 23129 23130 23131 23132 23133 23134 23135 23136 23137 23138 23139 23140 23141 23142 23143
INFO [2022-04-14 13:12:04]  [484] 23144 23145 23146 23147 23148 23149 23150 23151 23152 23153 23154 23155 23156 23157 23158 23159 23160 23161 23162 23163 23164 23165 23166
INFO [2022-04-14 13:12:04]  [507] 23167 23168 23169 23170 23171 23172 23173 23174 23175 23176 23177 23178 23179 23180 23181 23182 23183 23184 23185 23186 23187 23188 23189
INFO [2022-04-14 13:12:04]  [530] 23190 23191 23192 23193 23194 23195 23196 23197 23198 23199 23200 23201 23202 23203 23204 23205 23206 23207 23208 23209 23210 23211 23212
INFO [2022-04-14 13:12:04]  [553] 23213 23214 23215 23216 23217 23218 23219 23220 23221 23222 23223 23224 23225 23226 23227 23228 23229 23230 23231 23232 23233 23234 23235
INFO [2022-04-14 13:12:04]  [576] 23236 23237 23238 23239 23240 23241 23242 23243 23244 23245 23246 23247 23248 23249 23250 23251 23252 23253 23254 23255 23256 23257 23258
INFO [2022-04-14 13:12:04]  [599] 23259 23260 23261 23262 23263 23264 23265 23266 23267 23268 23269 23270 23271 23272 23273 23274 23275 23276 23277 23278 23279 23280 23281
INFO [2022-04-14 13:12:04]  [622] 23282 23283 23284 23285 23286 23287 23288 23289 23290 23291 23292 23293 23294 23295 23296 23297 23298 23299 23300 23301 23302 23303 23304
INFO [2022-04-14 13:12:04]  [645] 23305 23306 23307 23308 23309 23310 23311 23312 23313 23314 23315 23316 23317 23318 23319 23320 23321 23322 23323 23324 23325 23326 23327
INFO [2022-04-14 13:12:04]  [668] 23328 23329 23330 23331 23332 23333 23334 23335 23336 23337 23338 23339 23340 23341 23342 23343 23344 23345 23346 23347 23348 23349 23350
INFO [2022-04-14 13:12:04]  [691] 23351 23352 23353 23354 23355 23356 23357 23358 23359 23360 23361 23362 23363 23364 23365 23366 23367 23368 23369 23370 23371 23372 23373
INFO [2022-04-14 13:12:04]  [714] 23374 23375 23376 23377 23378 23379 23380 23381 23382 23383 23384 23385 23386 23387 23388 23389 23390 23391 23392 23393 23394 23395 23396
INFO [2022-04-14 13:12:04]  [737] 23397 23398 23399 23400 23401 23402 23403 23404 23405 23406 23407 23408 23409 23410 23411 23412 23413 23414 23415 23416 23417 23418 23419
INFO [2022-04-14 13:12:04]  [760] 23420 23421 23422 23423 23424 23425 23426 23427 23428 23429 23430 23431 23432 23433 23434 23435 23436 23437 23438 23439 23440 23441 23442
INFO [2022-04-14 13:12:04]  [783] 23443 23444 23445 23446 23447 23448 23449 23450 23451 23452 23453 23454 23455 23456 23457 23458 23459 23460 23461 23462 23463 23464 23465
INFO [2022-04-14 13:12:04]  [806] 23466 23467 23468 23469 23470 23471 23472 23473 23474 23475 23476 23477 23478 23479 23480 23481 23482 23483 23484 23485 23486 23487 23488
INFO [2022-04-14 13:12:04]  [829] 23489 23490 23491 23492 23493 23494 23495 23496 23497 23498 23499 23500 23501 23502 23503 23504 23505 23506 23507 23508 23509 23510 23511
INFO [2022-04-14 13:12:04]  [852] 23512 23513 23514 23515 23516 23517 23518 23519 23520 23521 23522 23523 23524 23525 23526 23527 23528 23529 23530 23531 23532 23533 23534
INFO [2022-04-14 13:12:04]  [875] 23535 23536 23537 23538 23539 23540 23541 23542 23543 23544 23545 23546 23547 23548 23549 23550 23551 23552 23553 23554 23555 23556 23557
INFO [2022-04-14 13:12:04]  [898] 23558 23559 23560 23561 23562 23563 23564 23565 23566 23567 23568 23569 23570 23571 23572 23573 23574 23575 23576 23577 23578 23579 23580
INFO [2022-04-14 13:12:04]  [921] 23581 23582 23583 23584 23585 23586 23587 23588 23589 23590 23591 23592 23593 23594 23595 23596 23597 23598 23599 23600 23601 23602 23603
INFO [2022-04-14 13:12:04]  [944] 23604 23605 23606 23607 23608 23609 23610 23611 23612 23613 23614 23615 23616 23617 23618 23619 23620 23621 23622 23623 23624 23625 23626
INFO [2022-04-14 13:12:04]  [967] 23627 23628 23629 23630 23631 23632 23633 23634 23635 23636 23637 23638 23639 23640 23641 23642 23643 23644 23645 23646 23647 23648 23649
INFO [2022-04-14 13:12:04]  [990] 23650 23651 23652 23653 23654 23655 23656 23657 23658 23659 23660
INFO [2022-04-14 13:12:04]  [ reached getOption("max.print") -- omitted 43309 entries ]
INFO [2022-04-14 13:12:04] 
INFO [2022-04-14 13:12:04] $x$unique.pc3.
INFO [2022-04-14 13:12:04]    [1]    1    2    3    4    5    6    7    8    9   10   11   12   13   14   15   16   17   18   19   20   21   22   23   24   25   26   27
INFO [2022-04-14 13:12:04]   [28]   28   29   30   31   32   33   34   35   36   37   38   39   40   41   42   43   44   45   46   47   48   49   50   51   52   53   54
INFO [2022-04-14 13:12:04]   [55]   55   56   57   58   59   60   61   62   63   64   65   66   67   68   69   70   71   72   73   74   75   76   77   78   79   80   81
INFO [2022-04-14 13:12:04]   [82]   82   83   84   85   86   87   88   89   90   91   92   93   94   95   96   97   98   99  100  101  102  103  104  105  106  107  108
INFO [2022-04-14 13:12:04]  [109]  109  110  111  112  113  114  115  116  117  118  119  120  121  122  123  124  125  126  127  128  129  130  131  132  133  134  135
INFO [2022-04-14 13:12:04]  [136]  136  137  138  139  140  141  142  143  144  145  146  147  148  149  150  151  152  153  154  155  156  157  158  159  160  161  162
INFO [2022-04-14 13:12:04]  [163]  163  164  165  166  167  168  169  170  171  172  173  174  175  176  177  178  179  180  181  182  183  184  185  186  187  188  189
INFO [2022-04-14 13:12:04]  [190]  190  191  192  193  194  195  196  197  198  199  200  201  202  203  204  205  206  207  208  209  210  211  212  213  214  215  216
INFO [2022-04-14 13:12:04]  [217]  217  218  219  220  221  222  223  224  225  226  227  228  229  230  231  232  233  234  235  236  237  238  239  240  241  242  243
INFO [2022-04-14 13:12:04]  [244]  244  245  246  247  248  249  250  251  252  253  254  255  256  257  258  259  260  261  262  263  264  265  266  267  268  269  270
INFO [2022-04-14 13:12:04]  [271]  271  272  273  274  275  276  277  278  279  280  281  282  283  284  285  286  287  288  289  290  291  292  293  294  295  296  297
INFO [2022-04-14 13:12:04]  [298]  298  299  300  301  302  303  304  305  306  307  308  309  310  311  312  313  314  315  316  317  318  319  320  321  322  323  324
INFO [2022-04-14 13:12:04]  [325]  325  326  327  328  329  330  331  332  333  334  335  336  337  338  339  340  341  342  343  344  345  346  347  348  349  350  351
INFO [2022-04-14 13:12:04]  [352]  352  353  354  355  356  357  358  359  360  361  362  363  364  365  366  367  368  369  370  371  372  373  374  375  376  377  378
INFO [2022-04-14 13:12:04]  [379]  379  380  381  382  383  384  385  386  387  388  389  390  391  392  393  394  395  396  397  398  399  400  401  402  403  404  405
INFO [2022-04-14 13:12:04]  [406]  406  407  408  409  410  411  412  413  414  415  416  417  418  419  420  421  422  423  424  425  426  427  428  429  430  431  432
INFO [2022-04-14 13:12:04]  [433]  433  434  435  436  437  438  439  440  441  442  443  444  445  446  447  448  449  450  451  452  453  454  455  456  457  458  459
INFO [2022-04-14 13:12:04]  [460]  460  461  462  463  464  465  466  467  468  469  470  471  472  473  474  475  476  477  478  479  480  481  482  483  484  485  486
INFO [2022-04-14 13:12:04]  [487]  487  488  489  490  491  492  493  494  495  496  497  498  499  500  501  502  503  504  505  506  507  508  509  510  511  512  513
INFO [2022-04-14 13:12:04]  [514]  514  515  516  517  518  519  520  521  522  523  524  525  526  527  528  529  530  531  532  533  534  535  536  537  538  539  540
INFO [2022-04-14 13:12:04]  [541]  541  542  543  544  545  546  547  548  549  550  551  552  553  554  555  556  557  558  559  560  561  562  563  564  565  566  567
INFO [2022-04-14 13:12:04]  [568]  568  569  570  571  572  573  574  575  576  577  578  579  580  581  582  583  584  585  586  587  588  589  590  591  592  593  594
INFO [2022-04-14 13:12:04]  [595]  595  596  597  598  599  600  601  602  603  604  605  606  607  608  609  610  611  612  613  614  615  616  617  618  619  620  621
INFO [2022-04-14 13:12:04]  [622]  622  623  624  625  626  627  628  629  630  631  632  633  634  635  636  637  638  639  640  641  642  643  644  645  646  647  648
INFO [2022-04-14 13:12:04]  [649]  649  650  651  652  653  654  655  656  657  658  659  660  661  662  663  664  665  666  667  668  669  670  671  672  673  674  675
INFO [2022-04-14 13:12:04]  [676]  676  677  678  679  680  681  682  683  684  685  686  687  688  689  690  691  692  693  694  695  696  697  698  699  700  701  702
INFO [2022-04-14 13:12:04]  [703]  703  704  705  706  707  708  709  710  711  712  713  714  715  716  717  718  719  720  721  722  723  724  725  726  727  728  729
INFO [2022-04-14 13:12:04]  [730]  730  731  732  733  734  735  736  737  738  739  740  741  742  743  744  745  746  747  748  749  750  751  752  753  754  755  756
INFO [2022-04-14 13:12:04]  [757]  757  758  759  760  761  762  763  764  765  766  767  768  769  770  771  772  773  774  775  776  777  778  779  780  781  782  783
INFO [2022-04-14 13:12:04]  [784]  784  785  786  787  788  789  790  791  792  793  794  795  796  797  798  799  800  801  802  803  804  805  806  807  808  809  810
INFO [2022-04-14 13:12:04]  [811]  811  812  813  814  815  816  817  818  819  820  821  822  823  824  825  826  827  828  829  830  831  832  833  834  835  836  837
INFO [2022-04-14 13:12:04]  [838]  838  839  840  841  842  843  844  845  846  847  848  849  850  851  852  853  854  855  856  857  858  859  860  861  862  863  864
INFO [2022-04-14 13:12:04]  [865]  865  866  867  868  869  870  871  872  873  874  875  876  877  878  879  880  881  882  883  884  885  886  887  888  889  890  891
INFO [2022-04-14 13:12:04]  [892]  892  893  894  895  896  897  898  899  900  901  902  903  904  905  906  907  908  909  910  911  912  913  914  915  916  917  918
INFO [2022-04-14 13:12:04]  [919]  919  920  921  922  923  924  925  926  927  928  929  930  931  932  933  934  935  936  937  938  939  940  941  942  943  944  945
INFO [2022-04-14 13:12:04]  [946]  946  947  948  949  950  951  952  953  954  955  956  957  958  959  960  961  962  963  964  965  966  967  968  969  970  971  972
INFO [2022-04-14 13:12:04]  [973]  973  974  975  976  977  978  979  980  981  982  983  984  985  986  987  988  989  990  991  992  993  994  995  996  997  998  999
INFO [2022-04-14 13:12:04] [1000] 1000
INFO [2022-04-14 13:12:04]  [ reached getOption("max.print") -- omitted 60572 entries ]
INFO [2022-04-14 13:12:04] 
INFO [2022-04-14 13:12:04] 
INFO [2022-04-14 13:12:04] $filename
INFO [2022-04-14 13:12:04] NULL
INFO [2022-04-14 13:12:04] 
